<?xml version="1.0" encoding="UTF-8"?>
<!-- Generated by org.testng.reporters.JUnitXMLReporter -->
<testsuite ignored="0" hostname="IdeaPad5" failures="1" tests="1" name="Test" time="3.566" errors="0" timestamp="2023-07-06T16:30:37 IST">
  <testcase classname="test.Fblogintest" name="verifyLoginWithValidCred" time="0.465">
    <failure type="java.lang.NullPointerException" message="Cannot invoke &amp;quot;org.openqa.selenium.WebDriver.findElement(org.openqa.selenium.By)&amp;quot; because &amp;quot;this.driver&amp;quot; is null">
      <![CDATA[java.lang.NullPointerException: Cannot invoke "org.openqa.selenium.WebDriver.findElement(org.openqa.selenium.By)" because "this.driver" is null
at page.Fbloginpage.setvalues(Fbloginpage.java:22)
at test.Fblogintest.verifyLoginWithValidCred(Fblogintest.java:31)
at java.base/java.util.ArrayList.forEach(ArrayList.java:1511)
... Removed 27 stack frames]]>
    </failure>
  </testcase> <!-- verifyLoginWithValidCred -->
</testsuite> <!-- Test -->
